2021/10/22 08:32:05 [notice] 1#1: using the "epoll" event method
2021/10/22 08:32:05 [notice] 1#1: nginx/1.21.3
2021/10/22 08:32:05 [notice] 1#1: built by gcc 8.3.0 (Debian 8.3.0-6) 
2021/10/22 08:32:05 [notice] 1#1: OS: Linux 5.10.16.3-microsoft-standard-WSL2
2021/10/22 08:32:05 [notice] 1#1: getrlimit(RLIMIT_NOFILE): 1048576:1048576
2021/10/22 08:32:05 [notice] 1#1: start worker processes
2021/10/22 08:32:05 [notice] 1#1: start worker process 31
2021/10/22 08:32:05 [notice] 1#1: start worker process 32
2021/10/22 08:32:05 [notice] 1#1: start worker process 33
2021/10/22 08:32:05 [notice] 1#1: start worker process 34
2021/10/22 08:34:14 [notice] 1#1: signal 3 (SIGQUIT) received, shutting down
2021/10/22 08:34:14 [notice] 31#31: gracefully shutting down
2021/10/22 08:34:14 [notice] 33#33: gracefully shutting down
2021/10/22 08:34:14 [notice] 33#33: exiting
2021/10/22 08:34:14 [notice] 32#32: gracefully shutting down
2021/10/22 08:34:14 [notice] 32#32: exiting
2021/10/22 08:34:14 [notice] 34#34: gracefully shutting down
2021/10/22 08:34:14 [notice] 31#31: exiting
2021/10/22 08:34:14 [notice] 33#33: exit
2021/10/22 08:34:14 [notice] 32#32: exit
2021/10/22 08:34:14 [notice] 34#34: exiting
2021/10/22 08:34:14 [notice] 31#31: exit
2021/10/22 08:34:14 [notice] 34#34: exit
2021/10/22 08:34:14 [notice] 1#1: signal 17 (SIGCHLD) received from 32
2021/10/22 08:34:14 [notice] 1#1: worker process 31 exited with code 0
2021/10/22 08:34:14 [notice] 1#1: worker process 32 exited with code 0
2021/10/22 08:34:14 [notice] 1#1: worker process 33 exited with code 0
2021/10/22 08:34:14 [notice] 1#1: worker process 34 exited with code 0
2021/10/22 08:34:14 [notice] 1#1: exit
2021/10/22 08:34:29 [emerg] 1#1: open() "/var/log/nginx/testwp.loc/error.log" failed (2: No such file or directory)
2021/10/22 08:35:44 [emerg] 1#1: open() "/var/log/nginx/testwp.loc/error.log" failed (2: No such file or directory)
2021/10/22 08:36:17 [notice] 1#1: using the "epoll" event method
2021/10/22 08:36:17 [notice] 1#1: nginx/1.21.3
2021/10/22 08:36:17 [notice] 1#1: built by gcc 8.3.0 (Debian 8.3.0-6) 
2021/10/22 08:36:17 [notice] 1#1: OS: Linux 5.10.16.3-microsoft-standard-WSL2
2021/10/22 08:36:17 [notice] 1#1: getrlimit(RLIMIT_NOFILE): 1048576:1048576
2021/10/22 08:36:17 [notice] 1#1: start worker processes
2021/10/22 08:36:17 [notice] 1#1: start worker process 31
2021/10/22 08:36:17 [notice] 1#1: start worker process 32
2021/10/22 08:36:17 [notice] 1#1: start worker process 33
2021/10/22 08:36:17 [notice] 1#1: start worker process 34
2021/10/22 12:17:43 [notice] 1#1: using the "epoll" event method
2021/10/22 12:17:43 [notice] 1#1: nginx/1.21.3
2021/10/22 12:17:43 [notice] 1#1: built by gcc 8.3.0 (Debian 8.3.0-6) 
2021/10/22 12:17:43 [notice] 1#1: OS: Linux 5.10.16.3-microsoft-standard-WSL2
2021/10/22 12:17:43 [notice] 1#1: getrlimit(RLIMIT_NOFILE): 1048576:1048576
2021/10/22 12:17:43 [notice] 1#1: start worker processes
2021/10/22 12:17:43 [notice] 1#1: start worker process 31
2021/10/22 12:17:43 [notice] 1#1: start worker process 32
2021/10/22 12:17:43 [notice] 1#1: start worker process 33
2021/10/22 12:17:43 [notice] 1#1: start worker process 34
2021/10/22 12:17:53 [error] 31#31: *1 directory index of "/app/public/" is forbidden, client: 172.18.0.1, server: , request: "GET / HTTP/1.1", host: "apartments.by"
2021/10/22 12:17:53 [error] 31#31: *1 directory index of "/app/public/" is forbidden, client: 172.18.0.1, server: , request: "GET / HTTP/1.1", host: "apartments.by"
2021/10/22 12:18:10 [error] 31#31: *1 open() "/app/public/public" failed (2: No such file or directory), client: 172.18.0.1, server: , request: "GET /public HTTP/1.1", host: "apartments.by"
2021/10/22 12:18:26 [notice] 1#1: signal 3 (SIGQUIT) received, shutting down
2021/10/22 12:18:26 [notice] 31#31: gracefully shutting down
2021/10/22 12:18:26 [notice] 33#33: gracefully shutting down
2021/10/22 12:18:26 [notice] 33#33: exiting
2021/10/22 12:18:26 [notice] 32#32: gracefully shutting down
2021/10/22 12:18:26 [notice] 34#34: gracefully shutting down
2021/10/22 12:18:26 [notice] 33#33: exit
2021/10/22 12:18:26 [notice] 32#32: exiting
2021/10/22 12:18:26 [notice] 34#34: exiting
2021/10/22 12:18:26 [notice] 32#32: exit
2021/10/22 12:18:26 [notice] 34#34: exit
2021/10/22 12:18:26 [notice] 1#1: signal 17 (SIGCHLD) received from 33
2021/10/22 12:18:26 [notice] 1#1: worker process 32 exited with code 0
2021/10/22 12:18:26 [notice] 1#1: worker process 33 exited with code 0
2021/10/22 12:18:26 [notice] 1#1: worker process 34 exited with code 0
2021/10/22 12:18:26 [notice] 1#1: signal 29 (SIGIO) received
2021/10/22 12:18:26 [notice] 1#1: signal 17 (SIGCHLD) received from 34
2021/10/22 12:19:01 [notice] 1#1: using the "epoll" event method
2021/10/22 12:19:01 [notice] 1#1: nginx/1.21.3
2021/10/22 12:19:01 [notice] 1#1: built by gcc 8.3.0 (Debian 8.3.0-6) 
2021/10/22 12:19:01 [notice] 1#1: OS: Linux 5.10.16.3-microsoft-standard-WSL2
2021/10/22 12:19:01 [notice] 1#1: getrlimit(RLIMIT_NOFILE): 1048576:1048576
2021/10/22 12:19:01 [notice] 1#1: start worker processes
2021/10/22 12:19:01 [notice] 1#1: start worker process 30
2021/10/22 12:19:01 [notice] 1#1: start worker process 31
2021/10/22 12:19:01 [notice] 1#1: start worker process 32
2021/10/22 12:19:01 [notice] 1#1: start worker process 33
2021/10/22 12:19:26 [notice] 1#1: signal 3 (SIGQUIT) received, shutting down
2021/10/22 12:19:26 [notice] 30#30: gracefully shutting down
2021/10/22 12:19:26 [notice] 32#32: gracefully shutting down
2021/10/22 12:19:26 [notice] 33#33: gracefully shutting down
2021/10/22 12:19:26 [notice] 31#31: gracefully shutting down
2021/10/22 12:19:26 [notice] 32#32: exiting
2021/10/22 12:19:26 [notice] 33#33: exiting
2021/10/22 12:19:26 [notice] 31#31: exiting
2021/10/22 12:19:26 [notice] 32#32: exit
2021/10/22 12:19:26 [notice] 33#33: exit
2021/10/22 12:19:26 [notice] 31#31: exit
2021/10/22 12:19:26 [notice] 1#1: signal 17 (SIGCHLD) received from 32
2021/10/22 12:19:26 [notice] 1#1: worker process 32 exited with code 0
2021/10/22 12:19:26 [notice] 1#1: worker process 33 exited with code 0
2021/10/22 12:19:26 [notice] 1#1: signal 29 (SIGIO) received
2021/10/22 12:19:26 [notice] 1#1: signal 17 (SIGCHLD) received from 31
2021/10/22 12:19:26 [notice] 1#1: worker process 31 exited with code 0
2021/10/22 12:19:26 [notice] 1#1: signal 29 (SIGIO) received
2021/10/22 12:19:47 [notice] 1#1: using the "epoll" event method
2021/10/22 12:19:47 [notice] 1#1: nginx/1.21.3
2021/10/22 12:19:47 [notice] 1#1: built by gcc 8.3.0 (Debian 8.3.0-6) 
2021/10/22 12:19:47 [notice] 1#1: OS: Linux 5.10.16.3-microsoft-standard-WSL2
2021/10/22 12:19:47 [notice] 1#1: getrlimit(RLIMIT_NOFILE): 1048576:1048576
2021/10/22 12:19:47 [notice] 1#1: start worker processes
2021/10/22 12:19:47 [notice] 1#1: start worker process 31
2021/10/22 12:19:47 [notice] 1#1: start worker process 32
2021/10/22 12:19:47 [notice] 1#1: start worker process 33
2021/10/22 12:19:47 [notice] 1#1: start worker process 34
2021/10/22 12:22:28 [notice] 1#1: signal 3 (SIGQUIT) received, shutting down
2021/10/22 12:22:28 [notice] 32#32: gracefully shutting down
2021/10/22 12:22:28 [notice] 31#31: gracefully shutting down
2021/10/22 12:22:28 [notice] 31#31: exiting
2021/10/22 12:22:28 [notice] 34#34: gracefully shutting down
2021/10/22 12:22:28 [notice] 33#33: gracefully shutting down
2021/10/22 12:22:28 [notice] 32#32: exiting
2021/10/22 12:22:28 [notice] 31#31: exit
2021/10/22 12:22:28 [notice] 34#34: exiting
2021/10/22 12:22:28 [notice] 33#33: exiting
2021/10/22 12:22:28 [notice] 32#32: exit
2021/10/22 12:22:28 [notice] 34#34: exit
2021/10/22 12:22:28 [notice] 33#33: exit
2021/10/22 12:22:28 [notice] 1#1: signal 17 (SIGCHLD) received from 32
2021/10/22 12:22:28 [notice] 1#1: worker process 31 exited with code 0
2021/10/22 12:22:28 [notice] 1#1: worker process 32 exited with code 0
2021/10/22 12:22:28 [notice] 1#1: signal 29 (SIGIO) received
2021/10/22 12:22:28 [notice] 1#1: signal 17 (SIGCHLD) received from 34
2021/10/22 12:22:28 [notice] 1#1: worker process 34 exited with code 0
2021/10/22 12:22:28 [notice] 1#1: signal 29 (SIGIO) received
2021/10/22 12:22:28 [notice] 1#1: signal 17 (SIGCHLD) received from 33
2021/10/22 12:22:28 [notice] 1#1: worker process 33 exited with code 0
2021/10/22 12:22:28 [notice] 1#1: exit
2021/10/22 12:22:42 [notice] 1#1: using the "epoll" event method
2021/10/22 12:22:42 [notice] 1#1: nginx/1.21.3
2021/10/22 12:22:42 [notice] 1#1: built by gcc 8.3.0 (Debian 8.3.0-6) 
2021/10/22 12:22:42 [notice] 1#1: OS: Linux 5.10.16.3-microsoft-standard-WSL2
2021/10/22 12:22:42 [notice] 1#1: getrlimit(RLIMIT_NOFILE): 1048576:1048576
2021/10/22 12:22:42 [notice] 1#1: start worker processes
2021/10/22 12:22:42 [notice] 1#1: start worker process 31
2021/10/22 12:22:42 [notice] 1#1: start worker process 32
2021/10/22 12:22:42 [notice] 1#1: start worker process 33
2021/10/22 12:22:42 [notice] 1#1: start worker process 34
2021/10/22 12:23:16 [notice] 1#1: signal 3 (SIGQUIT) received, shutting down
2021/10/22 12:23:16 [notice] 31#31: gracefully shutting down
2021/10/22 12:23:16 [notice] 34#34: gracefully shutting down
2021/10/22 12:23:16 [notice] 32#32: gracefully shutting down
2021/10/22 12:23:16 [notice] 32#32: exiting
2021/10/22 12:23:16 [notice] 33#33: gracefully shutting down
2021/10/22 12:23:16 [notice] 33#33: exiting
2021/10/22 12:23:16 [notice] 31#31: exiting
2021/10/22 12:23:16 [notice] 34#34: exiting
2021/10/22 12:23:16 [notice] 32#32: exit
2021/10/22 12:23:16 [notice] 33#33: exit
2021/10/22 12:23:16 [notice] 31#31: exit
2021/10/22 12:23:16 [notice] 34#34: exit
2021/10/22 12:23:17 [notice] 1#1: signal 17 (SIGCHLD) received from 33
2021/10/22 12:23:17 [notice] 1#1: worker process 32 exited with code 0
2021/10/22 12:23:17 [notice] 1#1: worker process 33 exited with code 0
2021/10/22 12:23:17 [notice] 1#1: signal 29 (SIGIO) received
2021/10/22 12:23:17 [notice] 1#1: signal 17 (SIGCHLD) received from 31
2021/10/22 12:23:17 [notice] 1#1: worker process 31 exited with code 0
2021/10/22 12:23:17 [notice] 1#1: signal 29 (SIGIO) received
2021/10/22 12:23:17 [notice] 1#1: signal 17 (SIGCHLD) received from 34
2021/10/22 12:23:17 [notice] 1#1: worker process 34 exited with code 0
2021/10/22 12:23:17 [notice] 1#1: exit
2021/10/22 12:30:19 [notice] 1#1: using the "epoll" event method
2021/10/22 12:30:19 [notice] 1#1: nginx/1.21.3
2021/10/22 12:30:19 [notice] 1#1: built by gcc 8.3.0 (Debian 8.3.0-6) 
2021/10/22 12:30:19 [notice] 1#1: OS: Linux 5.10.16.3-microsoft-standard-WSL2
2021/10/22 12:30:19 [notice] 1#1: getrlimit(RLIMIT_NOFILE): 1048576:1048576
2021/10/22 12:30:19 [notice] 1#1: start worker processes
2021/10/22 12:30:19 [notice] 1#1: start worker process 31
2021/10/22 12:30:19 [notice] 1#1: start worker process 32
2021/10/22 12:30:19 [notice] 1#1: start worker process 33
2021/10/22 12:30:19 [notice] 1#1: start worker process 34
2021/10/22 12:31:01 [notice] 1#1: signal 3 (SIGQUIT) received, shutting down
2021/10/22 12:31:01 [notice] 31#31: gracefully shutting down
2021/10/22 12:31:01 [notice] 32#32: gracefully shutting down
2021/10/22 12:31:01 [notice] 32#32: exiting
2021/10/22 12:31:01 [notice] 33#33: gracefully shutting down
2021/10/22 12:31:01 [notice] 34#34: gracefully shutting down
2021/10/22 12:31:01 [notice] 32#32: exit
2021/10/22 12:31:01 [notice] 33#33: exiting
2021/10/22 12:31:01 [notice] 34#34: exiting
2021/10/22 12:31:01 [notice] 33#33: exit
2021/10/22 12:31:01 [notice] 34#34: exit
2021/10/22 12:31:01 [notice] 1#1: signal 17 (SIGCHLD) received from 32
2021/10/22 12:31:01 [notice] 1#1: worker process 32 exited with code 0
2021/10/22 12:31:01 [notice] 1#1: signal 29 (SIGIO) received
2021/10/22 12:31:01 [notice] 1#1: signal 17 (SIGCHLD) received from 33
2021/10/22 12:31:01 [notice] 1#1: worker process 33 exited with code 0
2021/10/22 12:31:01 [notice] 1#1: worker process 34 exited with code 0
2021/10/22 12:31:01 [notice] 1#1: signal 29 (SIGIO) received
2021/10/22 12:31:13 [notice] 1#1: using the "epoll" event method
2021/10/22 12:31:13 [notice] 1#1: nginx/1.21.3
2021/10/22 12:31:13 [notice] 1#1: built by gcc 8.3.0 (Debian 8.3.0-6) 
2021/10/22 12:31:13 [notice] 1#1: OS: Linux 5.10.16.3-microsoft-standard-WSL2
2021/10/22 12:31:13 [notice] 1#1: getrlimit(RLIMIT_NOFILE): 1048576:1048576
2021/10/22 12:31:13 [notice] 1#1: start worker processes
2021/10/22 12:31:13 [notice] 1#1: start worker process 30
2021/10/22 12:31:13 [notice] 1#1: start worker process 31
2021/10/22 12:31:13 [notice] 1#1: start worker process 32
2021/10/22 12:31:13 [notice] 1#1: start worker process 33
2021/10/22 12:33:21 [notice] 1#1: signal 3 (SIGQUIT) received, shutting down
2021/10/22 12:33:21 [notice] 30#30: gracefully shutting down
2021/10/22 12:33:21 [notice] 31#31: gracefully shutting down
2021/10/22 12:33:21 [notice] 33#33: gracefully shutting down
2021/10/22 12:33:21 [notice] 32#32: gracefully shutting down
2021/10/22 12:33:21 [notice] 30#30: exiting
2021/10/22 12:33:21 [notice] 30#30: exit
2021/10/22 12:33:21 [notice] 31#31: exiting
2021/10/22 12:33:21 [notice] 33#33: exiting
2021/10/22 12:33:21 [notice] 32#32: exiting
2021/10/22 12:33:21 [notice] 31#31: exit
2021/10/22 12:33:21 [notice] 33#33: exit
2021/10/22 12:33:21 [notice] 32#32: exit
2021/10/22 12:33:21 [notice] 1#1: signal 17 (SIGCHLD) received from 30
2021/10/22 12:33:21 [notice] 1#1: worker process 30 exited with code 0
2021/10/22 12:33:21 [notice] 1#1: worker process 32 exited with code 0
2021/10/22 12:33:21 [notice] 1#1: signal 29 (SIGIO) received
2021/10/22 12:33:21 [notice] 1#1: signal 17 (SIGCHLD) received from 32
2021/10/22 12:33:21 [notice] 1#1: signal 17 (SIGCHLD) received from 33
2021/10/22 12:33:21 [notice] 1#1: worker process 33 exited with code 0
2021/10/22 12:33:21 [notice] 1#1: signal 29 (SIGIO) received
2021/10/22 12:33:21 [notice] 1#1: signal 17 (SIGCHLD) received from 31
2021/10/22 12:33:21 [notice] 1#1: worker process 31 exited with code 0
2021/10/22 12:33:21 [notice] 1#1: exit
2021/10/22 12:33:23 [notice] 1#1: using the "epoll" event method
2021/10/22 12:33:23 [notice] 1#1: nginx/1.21.3
2021/10/22 12:33:23 [notice] 1#1: built by gcc 8.3.0 (Debian 8.3.0-6) 
2021/10/22 12:33:23 [notice] 1#1: OS: Linux 5.10.16.3-microsoft-standard-WSL2
2021/10/22 12:33:23 [notice] 1#1: getrlimit(RLIMIT_NOFILE): 1048576:1048576
2021/10/22 12:33:23 [notice] 1#1: start worker processes
2021/10/22 12:33:23 [notice] 1#1: start worker process 31
2021/10/22 12:33:23 [notice] 1#1: start worker process 32
2021/10/22 12:33:23 [notice] 1#1: start worker process 33
2021/10/22 12:33:23 [notice] 1#1: start worker process 34
2021/10/22 12:34:13 [notice] 1#1: signal 3 (SIGQUIT) received, shutting down
2021/10/22 12:34:13 [notice] 31#31: gracefully shutting down
2021/10/22 12:34:13 [notice] 32#32: gracefully shutting down
2021/10/22 12:34:13 [notice] 34#34: gracefully shutting down
2021/10/22 12:34:13 [notice] 34#34: exiting
2021/10/22 12:34:13 [notice] 33#33: gracefully shutting down
2021/10/22 12:34:13 [notice] 32#32: exiting
2021/10/22 12:34:13 [notice] 34#34: exit
2021/10/22 12:34:13 [notice] 33#33: exiting
2021/10/22 12:34:13 [notice] 32#32: exit
2021/10/22 12:34:13 [notice] 33#33: exit
2021/10/22 12:34:13 [notice] 1#1: signal 17 (SIGCHLD) received from 33
2021/10/22 12:34:13 [notice] 1#1: worker process 32 exited with code 0
2021/10/22 12:34:13 [notice] 1#1: worker process 33 exited with code 0
2021/10/22 12:34:13 [notice] 1#1: worker process 34 exited with code 0
2021/10/22 12:34:13 [notice] 1#1: signal 29 (SIGIO) received
2021/10/22 12:34:25 [emerg] 1#1: duplicate location "/" in /etc/nginx/conf.d/nginx.conf:43
2021/10/22 12:35:52 [notice] 1#1: using the "epoll" event method
2021/10/22 12:35:52 [notice] 1#1: nginx/1.21.3
2021/10/22 12:35:52 [notice] 1#1: built by gcc 8.3.0 (Debian 8.3.0-6) 
2021/10/22 12:35:52 [notice] 1#1: OS: Linux 5.10.16.3-microsoft-standard-WSL2
2021/10/22 12:35:52 [notice] 1#1: getrlimit(RLIMIT_NOFILE): 1048576:1048576
2021/10/22 12:35:52 [notice] 1#1: start worker processes
2021/10/22 12:35:52 [notice] 1#1: start worker process 30
2021/10/22 12:35:52 [notice] 1#1: start worker process 31
2021/10/22 12:35:52 [notice] 1#1: start worker process 32
2021/10/22 12:35:52 [notice] 1#1: start worker process 33
2021/10/22 12:37:35 [notice] 1#1: signal 3 (SIGQUIT) received, shutting down
2021/10/22 12:37:35 [notice] 30#30: gracefully shutting down
2021/10/22 12:37:35 [notice] 32#32: gracefully shutting down
2021/10/22 12:37:35 [notice] 31#31: gracefully shutting down
2021/10/22 12:37:35 [notice] 33#33: gracefully shutting down
2021/10/22 12:37:35 [notice] 30#30: exiting
2021/10/22 12:37:35 [notice] 32#32: exiting
2021/10/22 12:37:35 [notice] 31#31: exiting
2021/10/22 12:37:35 [notice] 33#33: exiting
2021/10/22 12:37:35 [notice] 30#30: exit
2021/10/22 12:37:35 [notice] 32#32: exit
2021/10/22 12:37:35 [notice] 31#31: exit
2021/10/22 12:37:35 [notice] 33#33: exit
2021/10/22 12:37:35 [notice] 1#1: signal 17 (SIGCHLD) received from 33
2021/10/22 12:37:35 [notice] 1#1: worker process 33 exited with code 0
2021/10/22 12:37:35 [notice] 1#1: signal 29 (SIGIO) received
2021/10/22 12:37:35 [notice] 1#1: signal 17 (SIGCHLD) received from 31
2021/10/22 12:37:35 [notice] 1#1: worker process 31 exited with code 0
2021/10/22 12:37:35 [notice] 1#1: worker process 32 exited with code 0
2021/10/22 12:37:35 [notice] 1#1: signal 29 (SIGIO) received
2021/10/22 12:37:35 [notice] 1#1: signal 17 (SIGCHLD) received from 30
2021/10/22 12:37:35 [notice] 1#1: worker process 30 exited with code 0
2021/10/22 12:37:35 [notice] 1#1: exit
2021/10/22 12:37:37 [notice] 1#1: using the "epoll" event method
2021/10/22 12:37:37 [notice] 1#1: nginx/1.21.3
2021/10/22 12:37:37 [notice] 1#1: built by gcc 8.3.0 (Debian 8.3.0-6) 
2021/10/22 12:37:37 [notice] 1#1: OS: Linux 5.10.16.3-microsoft-standard-WSL2
2021/10/22 12:37:37 [notice] 1#1: getrlimit(RLIMIT_NOFILE): 1048576:1048576
2021/10/22 12:37:37 [notice] 1#1: start worker processes
2021/10/22 12:37:37 [notice] 1#1: start worker process 31
2021/10/22 12:37:37 [notice] 1#1: start worker process 32
2021/10/22 12:37:37 [notice] 1#1: start worker process 33
2021/10/22 12:37:37 [notice] 1#1: start worker process 34
2021/10/22 12:39:07 [notice] 1#1: signal 3 (SIGQUIT) received, shutting down
2021/10/22 12:39:07 [notice] 33#33: gracefully shutting down
2021/10/22 12:39:07 [notice] 32#32: gracefully shutting down
2021/10/22 12:39:07 [notice] 34#34: gracefully shutting down
2021/10/22 12:39:07 [notice] 34#34: exiting
2021/10/22 12:39:07 [notice] 31#31: gracefully shutting down
2021/10/22 12:39:07 [notice] 33#33: exiting
2021/10/22 12:39:07 [notice] 33#33: exit
2021/10/22 12:39:07 [notice] 32#32: exiting
2021/10/22 12:39:07 [notice] 34#34: exit
2021/10/22 12:39:07 [notice] 31#31: exiting
2021/10/22 12:39:07 [notice] 32#32: exit
2021/10/22 12:39:07 [notice] 31#31: exit
2021/10/22 12:39:07 [notice] 1#1: signal 17 (SIGCHLD) received from 33
2021/10/22 12:39:07 [notice] 1#1: worker process 31 exited with code 0
2021/10/22 12:39:07 [notice] 1#1: worker process 33 exited with code 0
2021/10/22 12:39:07 [notice] 1#1: signal 29 (SIGIO) received
2021/10/22 12:39:07 [notice] 1#1: signal 17 (SIGCHLD) received from 34
2021/10/22 12:39:07 [notice] 1#1: worker process 32 exited with code 0
2021/10/22 12:39:07 [notice] 1#1: worker process 34 exited with code 0
2021/10/22 12:39:07 [notice] 1#1: exit
2021/10/22 12:39:09 [notice] 1#1: using the "epoll" event method
2021/10/22 12:39:09 [notice] 1#1: nginx/1.21.3
2021/10/22 12:39:09 [notice] 1#1: built by gcc 8.3.0 (Debian 8.3.0-6) 
2021/10/22 12:39:09 [notice] 1#1: OS: Linux 5.10.16.3-microsoft-standard-WSL2
2021/10/22 12:39:09 [notice] 1#1: getrlimit(RLIMIT_NOFILE): 1048576:1048576
2021/10/22 12:39:09 [notice] 1#1: start worker processes
2021/10/22 12:39:09 [notice] 1#1: start worker process 30
2021/10/22 12:39:09 [notice] 1#1: start worker process 31
2021/10/22 12:39:09 [notice] 1#1: start worker process 32
2021/10/22 12:39:09 [notice] 1#1: start worker process 33
2021/10/22 12:44:12 [notice] 1#1: signal 3 (SIGQUIT) received, shutting down
2021/10/22 12:44:12 [notice] 30#30: gracefully shutting down
2021/10/22 12:44:12 [notice] 31#31: gracefully shutting down
2021/10/22 12:44:12 [notice] 31#31: exiting
2021/10/22 12:44:12 [notice] 32#32: gracefully shutting down
2021/10/22 12:44:12 [notice] 32#32: exiting
2021/10/22 12:44:12 [notice] 33#33: gracefully shutting down
2021/10/22 12:44:12 [notice] 30#30: exiting
2021/10/22 12:44:12 [notice] 31#31: exit
2021/10/22 12:44:12 [notice] 32#32: exit
2021/10/22 12:44:12 [notice] 33#33: exiting
2021/10/22 12:44:12 [notice] 30#30: exit
2021/10/22 12:44:12 [notice] 33#33: exit
2021/10/22 12:44:12 [notice] 1#1: signal 17 (SIGCHLD) received from 31
2021/10/22 12:44:12 [notice] 1#1: worker process 30 exited with code 0
2021/10/22 12:44:12 [notice] 1#1: worker process 31 exited with code 0
2021/10/22 12:44:12 [notice] 1#1: signal 29 (SIGIO) received
2021/10/22 12:44:12 [notice] 1#1: signal 17 (SIGCHLD) received from 30
2021/10/22 12:44:12 [notice] 1#1: signal 17 (SIGCHLD) received from 32
2021/10/22 12:44:12 [notice] 1#1: worker process 32 exited with code 0
2021/10/22 12:44:12 [notice] 1#1: worker process 33 exited with code 0
2021/10/22 12:44:12 [notice] 1#1: exit
2021/10/22 12:44:14 [notice] 1#1: using the "epoll" event method
2021/10/22 12:44:14 [notice] 1#1: nginx/1.21.3
2021/10/22 12:44:14 [notice] 1#1: built by gcc 8.3.0 (Debian 8.3.0-6) 
2021/10/22 12:44:14 [notice] 1#1: OS: Linux 5.10.16.3-microsoft-standard-WSL2
2021/10/22 12:44:14 [notice] 1#1: getrlimit(RLIMIT_NOFILE): 1048576:1048576
2021/10/22 12:44:14 [notice] 1#1: start worker processes
2021/10/22 12:44:14 [notice] 1#1: start worker process 31
2021/10/22 12:44:14 [notice] 1#1: start worker process 32
2021/10/22 12:44:14 [notice] 1#1: start worker process 33
2021/10/22 12:44:14 [notice] 1#1: start worker process 34
2021/10/22 12:45:54 [notice] 1#1: signal 3 (SIGQUIT) received, shutting down
2021/10/22 12:45:54 [notice] 31#31: gracefully shutting down
2021/10/22 12:45:54 [notice] 32#32: gracefully shutting down
2021/10/22 12:45:54 [notice] 33#33: gracefully shutting down
2021/10/22 12:45:54 [notice] 34#34: gracefully shutting down
2021/10/22 12:45:54 [notice] 31#31: exiting
2021/10/22 12:45:54 [notice] 32#32: exiting
2021/10/22 12:45:54 [notice] 33#33: exiting
2021/10/22 12:45:54 [notice] 34#34: exiting
2021/10/22 12:45:54 [notice] 31#31: exit
2021/10/22 12:45:54 [notice] 32#32: exit
2021/10/22 12:45:54 [notice] 33#33: exit
2021/10/22 12:45:54 [notice] 34#34: exit
2021/10/22 12:45:54 [notice] 1#1: signal 17 (SIGCHLD) received from 34
2021/10/22 12:45:54 [notice] 1#1: worker process 34 exited with code 0
2021/10/22 12:45:54 [notice] 1#1: signal 29 (SIGIO) received
2021/10/22 12:45:54 [notice] 1#1: signal 17 (SIGCHLD) received from 33
2021/10/22 12:45:54 [notice] 1#1: worker process 33 exited with code 0
2021/10/22 12:45:54 [notice] 1#1: signal 29 (SIGIO) received
2021/10/22 12:45:54 [notice] 1#1: signal 17 (SIGCHLD) received from 31
2021/10/22 12:45:54 [notice] 1#1: worker process 31 exited with code 0
2021/10/22 12:45:54 [notice] 1#1: signal 29 (SIGIO) received
2021/10/22 12:45:54 [notice] 1#1: signal 17 (SIGCHLD) received from 32
2021/10/22 12:45:54 [notice] 1#1: worker process 32 exited with code 0
2021/10/22 12:45:54 [notice] 1#1: exit
2021/10/22 16:40:40 [notice] 1#1: using the "epoll" event method
2021/10/22 16:40:40 [notice] 1#1: nginx/1.21.3
2021/10/22 16:40:40 [notice] 1#1: built by gcc 8.3.0 (Debian 8.3.0-6) 
2021/10/22 16:40:40 [notice] 1#1: OS: Linux 5.10.16.3-microsoft-standard-WSL2
2021/10/22 16:40:40 [notice] 1#1: getrlimit(RLIMIT_NOFILE): 1048576:1048576
2021/10/22 16:40:40 [notice] 1#1: start worker processes
2021/10/22 16:40:40 [notice] 1#1: start worker process 30
2021/10/22 16:40:40 [notice] 1#1: start worker process 31
2021/10/22 16:40:40 [notice] 1#1: start worker process 32
2021/10/22 16:40:40 [notice] 1#1: start worker process 33
2021/10/22 16:45:51 [notice] 1#1: signal 3 (SIGQUIT) received, shutting down
2021/10/22 16:45:51 [notice] 31#31: gracefully shutting down
2021/10/22 16:45:51 [notice] 32#32: gracefully shutting down
2021/10/22 16:45:51 [notice] 33#33: gracefully shutting down
2021/10/22 16:45:51 [notice] 30#30: gracefully shutting down
2021/10/22 16:45:51 [notice] 31#31: exiting
2021/10/22 16:45:51 [notice] 32#32: exiting
2021/10/22 16:45:51 [notice] 33#33: exiting
2021/10/22 16:45:51 [notice] 30#30: exiting
2021/10/22 16:45:51 [notice] 31#31: exit
2021/10/22 16:45:51 [notice] 32#32: exit
2021/10/22 16:45:51 [notice] 33#33: exit
2021/10/22 16:45:51 [notice] 30#30: exit
2021/10/22 16:45:51 [notice] 1#1: signal 17 (SIGCHLD) received from 32
2021/10/22 16:45:51 [notice] 1#1: worker process 32 exited with code 0
2021/10/22 16:45:51 [notice] 1#1: signal 29 (SIGIO) received
2021/10/22 16:45:51 [notice] 1#1: signal 17 (SIGCHLD) received from 30
2021/10/22 16:45:51 [notice] 1#1: worker process 30 exited with code 0
2021/10/22 16:45:51 [notice] 1#1: signal 29 (SIGIO) received
2021/10/22 16:45:51 [notice] 1#1: signal 17 (SIGCHLD) received from 33
2021/10/22 16:45:51 [notice] 1#1: worker process 31 exited with code 0
2021/10/22 16:45:51 [notice] 1#1: worker process 33 exited with code 0
2021/10/22 16:45:51 [notice] 1#1: exit
2021/10/24 11:03:19 [notice] 1#1: using the "epoll" event method
2021/10/24 11:03:19 [notice] 1#1: nginx/1.21.3
2021/10/24 11:03:19 [notice] 1#1: built by gcc 8.3.0 (Debian 8.3.0-6) 
2021/10/24 11:03:19 [notice] 1#1: OS: Linux 5.10.16.3-microsoft-standard-WSL2
2021/10/24 11:03:19 [notice] 1#1: getrlimit(RLIMIT_NOFILE): 1048576:1048576
2021/10/24 11:03:19 [notice] 1#1: start worker processes
2021/10/24 11:03:19 [notice] 1#1: start worker process 31
2021/10/24 11:03:19 [notice] 1#1: start worker process 32
2021/10/24 11:03:19 [notice] 1#1: start worker process 33
2021/10/24 11:03:19 [notice] 1#1: start worker process 34
2021/10/24 11:04:27 [notice] 1#1: signal 3 (SIGQUIT) received, shutting down
2021/10/24 11:04:27 [notice] 31#31: gracefully shutting down
2021/10/24 11:04:27 [notice] 33#33: gracefully shutting down
2021/10/24 11:04:27 [notice] 34#34: gracefully shutting down
2021/10/24 11:04:27 [notice] 32#32: gracefully shutting down
2021/10/24 11:04:27 [notice] 31#31: exiting
2021/10/24 11:04:27 [notice] 33#33: exiting
2021/10/24 11:04:27 [notice] 34#34: exiting
2021/10/24 11:04:27 [notice] 32#32: exiting
2021/10/24 11:04:27 [notice] 31#31: exit
2021/10/24 11:04:27 [notice] 33#33: exit
2021/10/24 11:04:27 [notice] 34#34: exit
2021/10/24 11:04:27 [notice] 32#32: exit
2021/10/24 11:04:27 [notice] 1#1: signal 17 (SIGCHLD) received from 31
2021/10/24 11:04:27 [notice] 1#1: worker process 31 exited with code 0
2021/10/24 11:04:27 [notice] 1#1: signal 29 (SIGIO) received
2021/10/24 11:04:27 [notice] 1#1: signal 17 (SIGCHLD) received from 32
2021/10/24 11:04:27 [notice] 1#1: worker process 32 exited with code 0
2021/10/24 11:04:27 [notice] 1#1: worker process 33 exited with code 0
2021/10/24 11:04:27 [notice] 1#1: signal 29 (SIGIO) received
2021/10/24 11:04:27 [notice] 1#1: signal 17 (SIGCHLD) received from 34
2021/10/24 11:04:27 [notice] 1#1: worker process 34 exited with code 0
2021/10/24 11:04:27 [notice] 1#1: exit
2021/10/24 11:07:26 [notice] 1#1: using the "epoll" event method
2021/10/24 11:07:26 [notice] 1#1: nginx/1.21.3
2021/10/24 11:07:26 [notice] 1#1: built by gcc 8.3.0 (Debian 8.3.0-6) 
2021/10/24 11:07:26 [notice] 1#1: OS: Linux 5.10.16.3-microsoft-standard-WSL2
2021/10/24 11:07:26 [notice] 1#1: getrlimit(RLIMIT_NOFILE): 1048576:1048576
2021/10/24 11:07:26 [notice] 1#1: start worker processes
2021/10/24 11:07:26 [notice] 1#1: start worker process 31
2021/10/24 11:07:26 [notice] 1#1: start worker process 32
2021/10/24 11:07:26 [notice] 1#1: start worker process 33
2021/10/24 11:07:26 [notice] 1#1: start worker process 34
2021/10/24 11:07:33 [error] 31#31: *1 directory index of "/app/public/" is forbidden, client: 172.19.0.1, server: , request: "GET / HTTP/1.1", host: "localhost"
2021/10/24 11:07:34 [error] 31#31: *1 directory index of "/app/public/" is forbidden, client: 172.19.0.1, server: , request: "GET / HTTP/1.1", host: "localhost"
2021/10/24 11:07:34 [error] 31#31: *1 open() "/app/public/favicon.ico" failed (2: No such file or directory), client: 172.19.0.1, server: , request: "GET /favicon.ico HTTP/1.1", host: "localhost", referrer: "http://localhost/"
2021/10/24 11:08:59 [notice] 1#1: signal 3 (SIGQUIT) received, shutting down
2021/10/24 11:08:59 [notice] 31#31: gracefully shutting down
2021/10/24 11:08:59 [notice] 31#31: exiting
2021/10/24 11:08:59 [notice] 32#32: gracefully shutting down
2021/10/24 11:08:59 [notice] 32#32: exiting
2021/10/24 11:08:59 [notice] 34#34: gracefully shutting down
2021/10/24 11:08:59 [notice] 33#33: gracefully shutting down
2021/10/24 11:08:59 [notice] 31#31: exit
2021/10/24 11:08:59 [notice] 32#32: exit
2021/10/24 11:08:59 [notice] 34#34: exiting
2021/10/24 11:08:59 [notice] 33#33: exiting
2021/10/24 11:08:59 [notice] 34#34: exit
2021/10/24 11:08:59 [notice] 33#33: exit
2021/10/24 11:08:59 [notice] 1#1: signal 17 (SIGCHLD) received from 32
2021/10/24 11:08:59 [notice] 1#1: worker process 32 exited with code 0
2021/10/24 11:08:59 [notice] 1#1: signal 29 (SIGIO) received
2021/10/24 11:08:59 [notice] 1#1: signal 17 (SIGCHLD) received from 33
2021/10/24 11:08:59 [notice] 1#1: worker process 33 exited with code 0
2021/10/24 11:08:59 [notice] 1#1: worker process 34 exited with code 0
2021/10/24 11:08:59 [notice] 1#1: signal 29 (SIGIO) received
2021/10/24 11:08:59 [notice] 1#1: signal 17 (SIGCHLD) received from 31
2021/10/24 11:08:59 [notice] 1#1: worker process 31 exited with code 0
2021/10/24 11:08:59 [notice] 1#1: exit
2021/10/24 11:09:13 [notice] 1#1: using the "epoll" event method
2021/10/24 11:09:13 [notice] 1#1: nginx/1.21.3
2021/10/24 11:09:13 [notice] 1#1: built by gcc 8.3.0 (Debian 8.3.0-6) 
2021/10/24 11:09:13 [notice] 1#1: OS: Linux 5.10.16.3-microsoft-standard-WSL2
2021/10/24 11:09:13 [notice] 1#1: getrlimit(RLIMIT_NOFILE): 1048576:1048576
2021/10/24 11:09:13 [notice] 1#1: start worker processes
2021/10/24 11:09:13 [notice] 1#1: start worker process 31
2021/10/24 11:09:13 [notice] 1#1: start worker process 32
2021/10/24 11:09:13 [notice] 1#1: start worker process 33
2021/10/24 11:09:13 [notice] 1#1: start worker process 34
2021/10/24 11:09:58 [notice] 1#1: signal 3 (SIGQUIT) received, shutting down
2021/10/24 11:09:58 [notice] 34#34: gracefully shutting down
2021/10/24 11:09:58 [notice] 32#32: gracefully shutting down
2021/10/24 11:09:58 [notice] 31#31: gracefully shutting down
2021/10/24 11:09:58 [notice] 31#31: exiting
2021/10/24 11:09:58 [notice] 33#33: gracefully shutting down
2021/10/24 11:09:58 [notice] 33#33: exiting
2021/10/24 11:09:58 [notice] 34#34: exiting
2021/10/24 11:09:58 [notice] 32#32: exiting
2021/10/24 11:09:58 [notice] 31#31: exit
2021/10/24 11:09:58 [notice] 33#33: exit
2021/10/24 11:09:58 [notice] 34#34: exit
2021/10/24 11:09:58 [notice] 32#32: exit
2021/10/24 11:09:59 [notice] 1#1: signal 17 (SIGCHLD) received from 31
2021/10/24 11:09:59 [notice] 1#1: worker process 31 exited with code 0
2021/10/24 11:09:59 [notice] 1#1: worker process 32 exited with code 0
2021/10/24 11:09:59 [notice] 1#1: worker process 33 exited with code 0
2021/10/24 11:09:59 [notice] 1#1: worker process 34 exited with code 0
2021/10/24 11:09:59 [notice] 1#1: exit
2021/10/24 11:11:03 [notice] 1#1: using the "epoll" event method
2021/10/24 11:11:03 [notice] 1#1: nginx/1.21.3
2021/10/24 11:11:03 [notice] 1#1: built by gcc 8.3.0 (Debian 8.3.0-6) 
2021/10/24 11:11:03 [notice] 1#1: OS: Linux 5.10.16.3-microsoft-standard-WSL2
2021/10/24 11:11:03 [notice] 1#1: getrlimit(RLIMIT_NOFILE): 1048576:1048576
2021/10/24 11:11:03 [notice] 1#1: start worker processes
2021/10/24 11:11:03 [notice] 1#1: start worker process 31
2021/10/24 11:11:03 [notice] 1#1: start worker process 32
2021/10/24 11:11:03 [notice] 1#1: start worker process 33
2021/10/24 11:11:03 [notice] 1#1: start worker process 34
2021/10/24 11:11:36 [notice] 1#1: signal 3 (SIGQUIT) received, shutting down
2021/10/24 11:11:36 [notice] 31#31: gracefully shutting down
2021/10/24 11:11:36 [notice] 34#34: gracefully shutting down
2021/10/24 11:11:36 [notice] 32#32: gracefully shutting down
2021/10/24 11:11:36 [notice] 32#32: exiting
2021/10/24 11:11:36 [notice] 33#33: gracefully shutting down
2021/10/24 11:11:36 [notice] 31#31: exiting
2021/10/24 11:11:36 [notice] 34#34: exiting
2021/10/24 11:11:36 [notice] 32#32: exit
2021/10/24 11:11:36 [notice] 33#33: exiting
2021/10/24 11:11:36 [notice] 31#31: exit
2021/10/24 11:11:36 [notice] 34#34: exit
2021/10/24 11:11:36 [notice] 33#33: exit
2021/10/24 11:11:37 [notice] 1#1: signal 17 (SIGCHLD) received from 32
2021/10/24 11:11:37 [notice] 1#1: worker process 32 exited with code 0
2021/10/24 11:11:37 [notice] 1#1: signal 29 (SIGIO) received
2021/10/24 11:11:37 [notice] 1#1: signal 17 (SIGCHLD) received from 34
2021/10/24 11:11:37 [notice] 1#1: worker process 34 exited with code 0
2021/10/24 11:11:37 [notice] 1#1: signal 29 (SIGIO) received
2021/10/24 11:11:37 [notice] 1#1: signal 17 (SIGCHLD) received from 33
2021/10/24 11:11:37 [notice] 1#1: worker process 31 exited with code 0
2021/10/24 11:11:37 [notice] 1#1: worker process 33 exited with code 0
2021/10/24 11:11:37 [notice] 1#1: exit
2021/10/24 11:14:14 [notice] 1#1: using the "epoll" event method
2021/10/24 11:14:14 [notice] 1#1: nginx/1.21.3
2021/10/24 11:14:14 [notice] 1#1: built by gcc 8.3.0 (Debian 8.3.0-6) 
2021/10/24 11:14:14 [notice] 1#1: OS: Linux 5.10.16.3-microsoft-standard-WSL2
2021/10/24 11:14:14 [notice] 1#1: getrlimit(RLIMIT_NOFILE): 1048576:1048576
2021/10/24 11:14:14 [notice] 1#1: start worker processes
2021/10/24 11:14:14 [notice] 1#1: start worker process 30
2021/10/24 11:14:14 [notice] 1#1: start worker process 31
2021/10/24 11:14:14 [notice] 1#1: start worker process 32
2021/10/24 11:14:14 [notice] 1#1: start worker process 33
2021/10/24 11:39:32 [error] 31#31: *2 directory index of "/app/public/" is forbidden, client: 172.22.0.1, server: , request: "GET / HTTP/1.1", host: "127.0.0.1"
2021/10/24 11:39:32 [error] 31#31: *2 open() "/app/public/favicon.ico" failed (2: No such file or directory), client: 172.22.0.1, server: , request: "GET /favicon.ico HTTP/1.1", host: "127.0.0.1", referrer: "http://127.0.0.1/"
2021/10/24 11:40:02 [notice] 1#1: signal 3 (SIGQUIT) received, shutting down
2021/10/24 11:40:02 [notice] 30#30: gracefully shutting down
2021/10/24 11:40:02 [notice] 31#31: gracefully shutting down
2021/10/24 11:40:02 [notice] 32#32: gracefully shutting down
2021/10/24 11:40:02 [notice] 32#32: exiting
2021/10/24 11:40:02 [notice] 33#33: gracefully shutting down
2021/10/24 11:40:02 [notice] 31#31: exiting
2021/10/24 11:40:02 [notice] 32#32: exit
2021/10/24 11:40:02 [notice] 33#33: exiting
2021/10/24 11:40:02 [notice] 31#31: exit
2021/10/24 11:40:02 [notice] 33#33: exit
2021/10/24 11:40:02 [notice] 1#1: signal 17 (SIGCHLD) received from 31
2021/10/24 11:40:02 [notice] 1#1: worker process 31 exited with code 0
2021/10/24 11:40:02 [notice] 1#1: worker process 32 exited with code 0
2021/10/24 11:40:02 [notice] 1#1: signal 29 (SIGIO) received
2021/10/24 11:40:02 [notice] 1#1: signal 17 (SIGCHLD) received from 33
2021/10/24 11:40:02 [notice] 1#1: worker process 33 exited with code 0
2021/10/24 11:40:02 [notice] 1#1: signal 29 (SIGIO) received
2021/10/24 11:41:00 [notice] 1#1: using the "epoll" event method
2021/10/24 11:41:00 [notice] 1#1: nginx/1.21.3
2021/10/24 11:41:00 [notice] 1#1: built by gcc 8.3.0 (Debian 8.3.0-6) 
2021/10/24 11:41:00 [notice] 1#1: OS: Linux 5.10.16.3-microsoft-standard-WSL2
2021/10/24 11:41:00 [notice] 1#1: getrlimit(RLIMIT_NOFILE): 1048576:1048576
2021/10/24 11:41:00 [notice] 1#1: start worker processes
2021/10/24 11:41:00 [notice] 1#1: start worker process 30
2021/10/24 11:41:00 [notice] 1#1: start worker process 31
2021/10/24 11:41:00 [notice] 1#1: start worker process 32
2021/10/24 11:41:00 [notice] 1#1: start worker process 33
2021/10/24 11:41:14 [notice] 1#1: signal 3 (SIGQUIT) received, shutting down
2021/10/24 11:41:14 [notice] 30#30: gracefully shutting down
2021/10/24 11:41:14 [notice] 31#31: gracefully shutting down
2021/10/24 11:41:14 [notice] 31#31: exiting
2021/10/24 11:41:14 [notice] 33#33: gracefully shutting down
2021/10/24 11:41:14 [notice] 32#32: gracefully shutting down
2021/10/24 11:41:14 [notice] 32#32: exiting
2021/10/24 11:41:14 [notice] 30#30: exiting
2021/10/24 11:41:14 [notice] 33#33: exiting
2021/10/24 11:41:14 [notice] 31#31: exit
2021/10/24 11:41:14 [notice] 32#32: exit
2021/10/24 11:41:14 [notice] 30#30: exit
2021/10/24 11:41:14 [notice] 33#33: exit
2021/10/24 11:41:14 [notice] 1#1: signal 17 (SIGCHLD) received from 31
2021/10/24 11:41:14 [notice] 1#1: worker process 31 exited with code 0
2021/10/24 11:41:14 [notice] 1#1: worker process 32 exited with code 0
2021/10/24 11:41:14 [notice] 1#1: signal 29 (SIGIO) received
2021/10/24 11:41:14 [notice] 1#1: signal 17 (SIGCHLD) received from 33
2021/10/24 11:41:14 [notice] 1#1: worker process 30 exited with code 0
2021/10/24 11:41:14 [notice] 1#1: worker process 33 exited with code 0
2021/10/24 11:41:14 [notice] 1#1: exit
2021/10/24 11:41:56 [notice] 1#1: using the "epoll" event method
2021/10/24 11:41:56 [notice] 1#1: nginx/1.21.3
2021/10/24 11:41:56 [notice] 1#1: built by gcc 8.3.0 (Debian 8.3.0-6) 
2021/10/24 11:41:56 [notice] 1#1: OS: Linux 5.10.16.3-microsoft-standard-WSL2
2021/10/24 11:41:56 [notice] 1#1: getrlimit(RLIMIT_NOFILE): 1048576:1048576
2021/10/24 11:41:56 [notice] 1#1: start worker processes
2021/10/24 11:41:56 [notice] 1#1: start worker process 31
2021/10/24 11:41:56 [notice] 1#1: start worker process 32
2021/10/24 11:41:56 [notice] 1#1: start worker process 33
2021/10/24 11:41:56 [notice] 1#1: start worker process 34
2021/10/24 11:43:57 [notice] 1#1: signal 3 (SIGQUIT) received, shutting down
2021/10/24 11:43:57 [notice] 31#31: gracefully shutting down
2021/10/24 11:43:57 [notice] 33#33: gracefully shutting down
2021/10/24 11:43:57 [notice] 34#34: gracefully shutting down
2021/10/24 11:43:57 [notice] 32#32: gracefully shutting down
2021/10/24 11:43:57 [notice] 31#31: exiting
2021/10/24 11:43:57 [notice] 33#33: exiting
2021/10/24 11:43:57 [notice] 34#34: exiting
2021/10/24 11:43:57 [notice] 32#32: exiting
2021/10/24 11:43:57 [notice] 31#31: exit
2021/10/24 11:43:57 [notice] 33#33: exit
2021/10/24 11:43:57 [notice] 34#34: exit
2021/10/24 11:43:57 [notice] 32#32: exit
2021/10/24 11:43:57 [notice] 1#1: signal 17 (SIGCHLD) received from 33
2021/10/24 11:43:57 [notice] 1#1: worker process 32 exited with code 0
2021/10/24 11:43:57 [notice] 1#1: worker process 33 exited with code 0
2021/10/24 11:43:57 [notice] 1#1: signal 29 (SIGIO) received
2021/10/24 11:43:57 [notice] 1#1: signal 17 (SIGCHLD) received from 31
2021/10/24 11:43:57 [notice] 1#1: worker process 31 exited with code 0
2021/10/24 11:43:57 [notice] 1#1: signal 29 (SIGIO) received
2021/10/24 11:43:57 [notice] 1#1: signal 17 (SIGCHLD) received from 34
2021/10/24 11:43:57 [notice] 1#1: worker process 34 exited with code 0
2021/10/24 11:43:57 [notice] 1#1: exit
2021/10/24 11:44:46 [notice] 1#1: using the "epoll" event method
2021/10/24 11:44:46 [notice] 1#1: nginx/1.21.3
2021/10/24 11:44:46 [notice] 1#1: built by gcc 8.3.0 (Debian 8.3.0-6) 
2021/10/24 11:44:46 [notice] 1#1: OS: Linux 5.10.16.3-microsoft-standard-WSL2
2021/10/24 11:44:46 [notice] 1#1: getrlimit(RLIMIT_NOFILE): 1048576:1048576
2021/10/24 11:44:46 [notice] 1#1: start worker processes
2021/10/24 11:44:46 [notice] 1#1: start worker process 32
2021/10/24 11:44:46 [notice] 1#1: start worker process 33
2021/10/24 11:44:46 [notice] 1#1: start worker process 34
2021/10/24 11:44:46 [notice] 1#1: start worker process 35
2021/10/24 11:46:41 [notice] 1#1: signal 3 (SIGQUIT) received, shutting down
2021/10/24 11:46:41 [notice] 32#32: gracefully shutting down
2021/10/24 11:46:41 [notice] 32#32: exiting
2021/10/24 11:46:41 [notice] 34#34: gracefully shutting down
2021/10/24 11:46:41 [notice] 35#35: gracefully shutting down
2021/10/24 11:46:41 [notice] 33#33: gracefully shutting down
2021/10/24 11:46:41 [notice] 33#33: exiting
2021/10/24 11:46:41 [notice] 32#32: exit
2021/10/24 11:46:41 [notice] 34#34: exiting
2021/10/24 11:46:41 [notice] 35#35: exiting
2021/10/24 11:46:41 [notice] 33#33: exit
2021/10/24 11:46:41 [notice] 34#34: exit
2021/10/24 11:46:41 [notice] 35#35: exit
2021/10/24 11:46:41 [notice] 1#1: signal 17 (SIGCHLD) received from 33
2021/10/24 11:46:41 [notice] 1#1: worker process 32 exited with code 0
2021/10/24 11:46:41 [notice] 1#1: worker process 33 exited with code 0
2021/10/24 11:46:41 [notice] 1#1: worker process 34 exited with code 0
2021/10/24 11:46:41 [notice] 1#1: signal 29 (SIGIO) received
2021/10/24 11:46:41 [notice] 1#1: signal 17 (SIGCHLD) received from 34
2021/10/24 11:46:41 [notice] 1#1: signal 17 (SIGCHLD) received from 35
2021/10/24 11:46:41 [notice] 1#1: worker process 35 exited with code 0
2021/10/24 11:46:41 [notice] 1#1: exit
2021/10/24 11:46:57 [notice] 1#1: using the "epoll" event method
2021/10/24 11:46:57 [notice] 1#1: nginx/1.21.3
2021/10/24 11:46:57 [notice] 1#1: built by gcc 8.3.0 (Debian 8.3.0-6) 
2021/10/24 11:46:57 [notice] 1#1: OS: Linux 5.10.16.3-microsoft-standard-WSL2
2021/10/24 11:46:57 [notice] 1#1: getrlimit(RLIMIT_NOFILE): 1048576:1048576
2021/10/24 11:46:57 [notice] 1#1: start worker processes
2021/10/24 11:46:57 [notice] 1#1: start worker process 31
2021/10/24 11:46:57 [notice] 1#1: start worker process 32
2021/10/24 11:46:57 [notice] 1#1: start worker process 33
2021/10/24 11:46:57 [notice] 1#1: start worker process 34
2021/10/24 11:48:33 [notice] 1#1: signal 3 (SIGQUIT) received, shutting down
2021/10/24 11:48:33 [notice] 31#31: gracefully shutting down
2021/10/24 11:48:33 [notice] 32#32: gracefully shutting down
2021/10/24 11:48:33 [notice] 33#33: gracefully shutting down
2021/10/24 11:48:33 [notice] 34#34: gracefully shutting down
2021/10/24 11:48:33 [notice] 31#31: exiting
2021/10/24 11:48:33 [notice] 32#32: exiting
2021/10/24 11:48:33 [notice] 33#33: exiting
2021/10/24 11:48:33 [notice] 34#34: exiting
2021/10/24 11:48:33 [notice] 31#31: exit
2021/10/24 11:48:33 [notice] 32#32: exit
2021/10/24 11:48:33 [notice] 33#33: exit
2021/10/24 11:48:33 [notice] 34#34: exit
2021/10/24 11:48:33 [notice] 1#1: signal 17 (SIGCHLD) received from 34
2021/10/24 11:48:33 [notice] 1#1: worker process 31 exited with code 0
2021/10/24 11:48:33 [notice] 1#1: worker process 32 exited with code 0
2021/10/24 11:48:33 [notice] 1#1: worker process 33 exited with code 0
2021/10/24 11:48:33 [notice] 1#1: worker process 34 exited with code 0
2021/10/24 11:48:33 [notice] 1#1: exit
2021/10/24 11:48:54 [notice] 1#1: using the "epoll" event method
2021/10/24 11:48:54 [notice] 1#1: nginx/1.21.3
2021/10/24 11:48:54 [notice] 1#1: built by gcc 8.3.0 (Debian 8.3.0-6) 
2021/10/24 11:48:54 [notice] 1#1: OS: Linux 5.10.16.3-microsoft-standard-WSL2
2021/10/24 11:48:54 [notice] 1#1: getrlimit(RLIMIT_NOFILE): 1048576:1048576
2021/10/24 11:48:54 [notice] 1#1: start worker processes
2021/10/24 11:48:54 [notice] 1#1: start worker process 31
2021/10/24 11:48:54 [notice] 1#1: start worker process 32
2021/10/24 11:48:54 [notice] 1#1: start worker process 33
2021/10/24 11:48:54 [notice] 1#1: start worker process 34
